GAS LISTING /tmp/ccOvpZRA.s 			page 1


   1              		.file	"Scheduler.cpp"
   2              		.option nopic
   3              		.option norelax
   4              		.attribute arch, "rv64i2p0_m2p0_a2p0"
   5              		.attribute unaligned_access, 0
   6              		.attribute stack_align, 16
   7              		.text
   8              	.Ltext0:
   9              		.align	2
  11              	_Z41__static_initialization_and_destruction_0ii:
  12              	.LFB22:
  13              		.file 1 "src/Scheduler.cpp"
   1:src/Scheduler.cpp **** 
   2:src/Scheduler.cpp **** #include "../h/Scheduler.hpp"
   3:src/Scheduler.cpp **** 
   4:src/Scheduler.cpp **** //implementirano na vezbama
   5:src/Scheduler.cpp **** List<TCB> Scheduler::readyCoroutineQueue;
   6:src/Scheduler.cpp **** 
   7:src/Scheduler.cpp **** TCB *Scheduler::get() {
   8:src/Scheduler.cpp ****     return readyCoroutineQueue.removeFirst();
   9:src/Scheduler.cpp **** }
  10:src/Scheduler.cpp **** 
  11:src/Scheduler.cpp **** void Scheduler::put(TCB *tcb) {
  12:src/Scheduler.cpp ****     readyCoroutineQueue.addLast(tcb);
  13:src/Scheduler.cpp **** }
  14              		.loc 1 13 1
  15              		.cfi_startproc
  16              	.LVL0:
  17 0000 130101FF 		addi	sp,sp,-16
  18              		.cfi_def_cfa_offset 16
  19 0004 23348100 		sd	s0,8(sp)
  20              		.cfi_offset 8, -8
  21 0008 13040101 		addi	s0,sp,16
  22              		.cfi_def_cfa 8, 0
  23              		.loc 1 13 1 is_stmt 0
  24 000c 93071000 		li	a5,1
  25 0010 6308F500 		beq	a0,a5,.L4
  26              	.L1:
  27 0014 03348100 		ld	s0,8(sp)
  28              		.cfi_remember_state
  29              		.cfi_restore 8
  30              		.cfi_def_cfa 2, 16
  31 0018 13010101 		addi	sp,sp,16
  32              		.cfi_def_cfa_offset 0
  33 001c 67800000 		jr	ra
  34              	.L4:
  35              		.cfi_restore_state
  36              		.loc 1 13 1 discriminator 1
  37 0020 B7070100 		li	a5,65536
  38 0024 9387F7FF 		addi	a5,a5,-1
  39 0028 E396F5FE 		bne	a1,a5,.L1
  40              	.LVL1:
  41              	.LBB23:
  42              	.LBB24:
  43              	.LBB25:
  44              		.file 2 "src/../h/list.hpp"
   1:src/../h/list.hpp **** 
GAS LISTING /tmp/ccOvpZRA.s 			page 2


   2:src/../h/list.hpp **** #ifndef PROJECT_BASE_LIST_HPP
   3:src/../h/list.hpp **** #define PROJECT_BASE_LIST_HPP
   4:src/../h/list.hpp **** 
   5:src/../h/list.hpp **** #include "MemoryAllocator.hpp"
   6:src/../h/list.hpp **** #include "../h/print.hpp"
   7:src/../h/list.hpp **** 
   8:src/../h/list.hpp **** 
   9:src/../h/list.hpp **** //dato na vezbama! - dodato je polje za vreme i preklopljeni su operatori new i delete
  10:src/../h/list.hpp **** template<typename T>
  11:src/../h/list.hpp **** class List {
  12:src/../h/list.hpp **** private:
  13:src/../h/list.hpp ****     struct Node {
  14:src/../h/list.hpp ****         T *data;
  15:src/../h/list.hpp ****         Node *next;
  16:src/../h/list.hpp ****         time_t timeBlockOrSleep;
  17:src/../h/list.hpp ****         Node(T *data, Node *next, uint64 time = 0) : data(data), next(next), timeBlockOrSleep(time)
  18:src/../h/list.hpp **** 
  19:src/../h/list.hpp ****         void* operator new(size_t size) {
  20:src/../h/list.hpp ****             size_t numofBlocks = (size + MemoryAllocator::HEADER_SIZE + MEM_BLOCK_SIZE - 1)/MEM_BLO
  21:src/../h/list.hpp ****             return MemoryAllocator::my_mem_alloc(numofBlocks);
  22:src/../h/list.hpp ****         }
  23:src/../h/list.hpp ****         void operator delete(void *p) {
  24:src/../h/list.hpp ****             MemoryAllocator::my_mem_free(p);
  25:src/../h/list.hpp ****         }
  26:src/../h/list.hpp ****     };
  27:src/../h/list.hpp ****     Node *head, *tail;
  28:src/../h/list.hpp **** 
  29:src/../h/list.hpp **** public:
  30:src/../h/list.hpp ****     List() : head(0), tail(0) {}
  45              		.loc 2 30 29
  46 002c 97070000 		lla	a5,.LANCHOR0
  46      93870700 
  47 0034 23B00700 		sd	zero,0(a5)
  48 0038 23B40700 		sd	zero,8(a5)
  49              	.LVL2:
  50              	.LBE25:
  51              	.LBE24:
  52              	.LBE23:
  53              		.loc 1 13 1
  54 003c 6FF09FFD 		j	.L1
  55              		.cfi_endproc
  56              	.LFE22:
  58              		.align	2
  59              		.globl	_ZN9Scheduler3getEv
  61              	_ZN9Scheduler3getEv:
  62              	.LFB10:
   7:src/Scheduler.cpp ****     return readyCoroutineQueue.removeFirst();
  63              		.loc 1 7 23 is_stmt 1
  64              		.cfi_startproc
  65 0040 130101FE 		addi	sp,sp,-32
  66              		.cfi_def_cfa_offset 32
  67 0044 233C1100 		sd	ra,24(sp)
  68 0048 23388100 		sd	s0,16(sp)
  69 004c 23349100 		sd	s1,8(sp)
  70              		.cfi_offset 1, -8
  71              		.cfi_offset 8, -16
  72              		.cfi_offset 9, -24
GAS LISTING /tmp/ccOvpZRA.s 			page 3


  73 0050 13040102 		addi	s0,sp,32
  74              		.cfi_def_cfa 8, 0
   8:src/Scheduler.cpp **** }
  75              		.loc 1 8 5
  76              	.LVL3:
  77              	.LBB26:
  78              	.LBB27:
  31:src/../h/list.hpp ****     List(const List<T> &) = delete;
  32:src/../h/list.hpp **** 
  33:src/../h/list.hpp ****     List<T> &operator=(const List<T> &) = delete;
  34:src/../h/list.hpp **** 
  35:src/../h/list.hpp ****     void addFirst(T *data, time_t time = 0) {
  36:src/../h/list.hpp ****         Node *elem = new Node(data, head, time);
  37:src/../h/list.hpp ****         head = elem;
  38:src/../h/list.hpp ****         if (!tail) { tail = head; }
  39:src/../h/list.hpp ****     }
  40:src/../h/list.hpp **** 
  41:src/../h/list.hpp ****     void addLast(T *data, time_t time = 0) {
  42:src/../h/list.hpp ****         Node *elem = new Node(data, 0, time);
  43:src/../h/list.hpp ****         if (tail) {
  44:src/../h/list.hpp ****             tail->next = elem;
  45:src/../h/list.hpp ****             tail = elem;
  46:src/../h/list.hpp ****         } else {
  47:src/../h/list.hpp ****             head = tail = elem;
  48:src/../h/list.hpp ****         }
  49:src/../h/list.hpp ****     }
  50:src/../h/list.hpp **** 
  51:src/../h/list.hpp ****     T *removeFirst() {
  52:src/../h/list.hpp ****         if (!head) { return 0; }
  79              		.loc 2 52 14 is_stmt 0
  80 0054 17050000 		ld	a0,.LANCHOR0
  80      03350500 
  81              		.loc 2 52 9
  82 005c 63020504 		beqz	a0,.L8
  83              	.LVL4:
  53:src/../h/list.hpp **** 
  54:src/../h/list.hpp ****         Node *elem = head;
  55:src/../h/list.hpp ****         head = head->next;
  84              		.loc 2 55 22
  85 0060 83378500 		ld	a5,8(a0)
  86              		.loc 2 55 9
  87 0064 17070000 		sd	a5,.LANCHOR0,a4
  87      2330F700 
  56:src/../h/list.hpp ****         if (!head) { tail = 0; }
  88              		.loc 2 56 9
  89 006c 63840702 		beqz	a5,.L10
  90              	.L7:
  57:src/../h/list.hpp **** 
  58:src/../h/list.hpp ****         T *ret = elem->data;
  91              		.loc 2 58 12
  92 0070 83340500 		ld	s1,0(a0)
  93              	.LVL5:
  94              	.LBB28:
  95              	.LBB29:
  24:src/../h/list.hpp ****         }
  96              		.loc 2 24 41
  97 0074 97000000 		call	_ZN15MemoryAllocator11my_mem_freeEPKv
GAS LISTING /tmp/ccOvpZRA.s 			page 4


  97      E7800000 
  98              	.LVL6:
  99              	.L5:
 100              	.LBE29:
 101              	.LBE28:
 102              	.LBE27:
 103              	.LBE26:
   9:src/Scheduler.cpp **** 
 104              		.loc 1 9 1
 105 007c 13850400 		mv	a0,s1
 106 0080 83308101 		ld	ra,24(sp)
 107              		.cfi_remember_state
 108              		.cfi_restore 1
 109 0084 03340101 		ld	s0,16(sp)
 110              		.cfi_restore 8
 111              		.cfi_def_cfa 2, 32
 112 0088 83348100 		ld	s1,8(sp)
 113              		.cfi_restore 9
 114 008c 13010102 		addi	sp,sp,32
 115              		.cfi_def_cfa_offset 0
 116 0090 67800000 		jr	ra
 117              	.LVL7:
 118              	.L10:
 119              		.cfi_restore_state
 120              	.LBB31:
 121              	.LBB30:
  56:src/../h/list.hpp **** 
 122              		.loc 2 56 22
 123 0094 97070000 		sd	zero,.LANCHOR0+8,a5
 123      23B00700 
 124 009c 6FF05FFD 		j	.L7
 125              	.LVL8:
 126              	.L8:
  52:src/../h/list.hpp **** 
 127              		.loc 2 52 29
 128 00a0 93040500 		mv	s1,a0
 129              	.LVL9:
 130              	.LBE30:
 131              	.LBE31:
   8:src/Scheduler.cpp **** }
 132              		.loc 1 8 44
 133 00a4 6FF09FFD 		j	.L5
 134              		.cfi_endproc
 135              	.LFE10:
 137              		.align	2
 138              		.globl	_ZN9Scheduler3putEP3TCB
 140              	_ZN9Scheduler3putEP3TCB:
 141              	.LFB11:
  11:src/Scheduler.cpp ****     readyCoroutineQueue.addLast(tcb);
 142              		.loc 1 11 31 is_stmt 1
 143              		.cfi_startproc
 144              	.LVL10:
 145 00a8 130101FE 		addi	sp,sp,-32
 146              		.cfi_def_cfa_offset 32
 147 00ac 233C1100 		sd	ra,24(sp)
 148 00b0 23388100 		sd	s0,16(sp)
 149 00b4 23349100 		sd	s1,8(sp)
GAS LISTING /tmp/ccOvpZRA.s 			page 5


 150              		.cfi_offset 1, -8
 151              		.cfi_offset 8, -16
 152              		.cfi_offset 9, -24
 153 00b8 13040102 		addi	s0,sp,32
 154              		.cfi_def_cfa 8, 0
 155 00bc 93040500 		mv	s1,a0
  12:src/Scheduler.cpp **** }
 156              		.loc 1 12 5
 157              	.LVL11:
 158              	.LBB32:
 159              	.LBB33:
 160              	.LBB34:
 161              	.LBB35:
  21:src/../h/list.hpp ****         }
 162              		.loc 2 21 49 is_stmt 0
 163 00c0 13051000 		li	a0,1
 164              	.LVL12:
 165 00c4 97000000 		call	_ZN15MemoryAllocator12my_mem_allocEm
 165      E7800000 
 166              	.LVL13:
 167              	.LBE35:
 168              	.LBE34:
 169              	.LBB36:
 170              	.LBB37:
  17:src/../h/list.hpp **** 
 171              		.loc 2 17 99
 172 00cc 23309500 		sd	s1,0(a0)
 173 00d0 23340500 		sd	zero,8(a0)
 174 00d4 23380500 		sd	zero,16(a0)
 175              	.LVL14:
 176              	.LBE37:
 177              	.LBE36:
  43:src/../h/list.hpp ****             tail->next = elem;
 178              		.loc 2 43 13
 179 00d8 97070000 		ld	a5,.LANCHOR0+8
 179      83B70700 
  43:src/../h/list.hpp ****             tail->next = elem;
 180              		.loc 2 43 9
 181 00e0 63820702 		beqz	a5,.L12
  44:src/../h/list.hpp ****             tail = elem;
 182              		.loc 2 44 13
 183 00e4 23B4A700 		sd	a0,8(a5)
  45:src/../h/list.hpp ****         } else {
 184              		.loc 2 45 13
 185 00e8 97070000 		sd	a0,.LANCHOR0+8,a5
 185      23B0A700 
 186              	.LVL15:
 187              	.L11:
 188              	.LBE33:
 189              	.LBE32:
 190              		.loc 1 13 1
 191 00f0 83308101 		ld	ra,24(sp)
 192              		.cfi_remember_state
 193              		.cfi_restore 1
 194 00f4 03340101 		ld	s0,16(sp)
 195              		.cfi_restore 8
 196              		.cfi_def_cfa 2, 32
GAS LISTING /tmp/ccOvpZRA.s 			page 6


 197 00f8 83348100 		ld	s1,8(sp)
 198              		.cfi_restore 9
 199              	.LVL16:
 200 00fc 13010102 		addi	sp,sp,32
 201              		.cfi_def_cfa_offset 0
 202 0100 67800000 		jr	ra
 203              	.LVL17:
 204              	.L12:
 205              		.cfi_restore_state
 206              	.LBB39:
 207              	.LBB38:
  47:src/../h/list.hpp ****         }
 208              		.loc 2 47 13
 209 0104 97070000 		lla	a5,.LANCHOR0
 209      93870700 
 210 010c 23B4A700 		sd	a0,8(a5)
 211 0110 23B0A700 		sd	a0,0(a5)
 212              	.LVL18:
 213              	.LBE38:
 214              	.LBE39:
 215              		.loc 1 13 1
 216 0114 6FF0DFFD 		j	.L11
 217              		.cfi_endproc
 218              	.LFE11:
 220              		.align	2
 222              	_GLOBAL__sub_I__ZN9Scheduler19readyCoroutineQueueE:
 223              	.LFB23:
 224              		.loc 1 13 1 is_stmt 1
 225              		.cfi_startproc
 226 0118 130101FF 		addi	sp,sp,-16
 227              		.cfi_def_cfa_offset 16
 228 011c 23341100 		sd	ra,8(sp)
 229 0120 23308100 		sd	s0,0(sp)
 230              		.cfi_offset 1, -8
 231              		.cfi_offset 8, -16
 232 0124 13040101 		addi	s0,sp,16
 233              		.cfi_def_cfa 8, 0
 234              		.loc 1 13 1 is_stmt 0
 235 0128 B7050100 		li	a1,65536
 236 012c 9385F5FF 		addi	a1,a1,-1
 237 0130 13051000 		li	a0,1
 238 0134 97000000 		call	_Z41__static_initialization_and_destruction_0ii
 238      E7800000 
 239              	.LVL19:
 240 013c 83308100 		ld	ra,8(sp)
 241              		.cfi_restore 1
 242 0140 03340100 		ld	s0,0(sp)
 243              		.cfi_restore 8
 244              		.cfi_def_cfa 2, 16
 245 0144 13010101 		addi	sp,sp,16
 246              		.cfi_def_cfa_offset 0
 247 0148 67800000 		jr	ra
 248              		.cfi_endproc
 249              	.LFE23:
 251              		.section	.init_array,"aw"
 252              		.align	3
 253 0000 00000000 		.dword	_GLOBAL__sub_I__ZN9Scheduler19readyCoroutineQueueE
GAS LISTING /tmp/ccOvpZRA.s 			page 7


 253      00000000 
 254              		.globl	_ZN9Scheduler19readyCoroutineQueueE
 255              		.bss
 256              		.align	3
 257              		.set	.LANCHOR0,. + 0
 260              	_ZN9Scheduler19readyCoroutineQueueE:
 261 0000 00000000 		.zero	16
 261      00000000 
 261      00000000 
 261      00000000 
 262              		.text
 263              	.Letext0:
 264              		.file 3 "src/../h/../lib/hw.h"
 265              		.file 4 "src/../h/MemoryAllocator.hpp"
 266              		.file 5 "src/../h/Scheduler.hpp"
GAS LISTING /tmp/ccOvpZRA.s 			page 8


DEFINED SYMBOLS
                            *ABS*:0000000000000000 Scheduler.cpp
     /tmp/ccOvpZRA.s:11     .text:0000000000000000 _Z41__static_initialization_and_destruction_0ii
     /tmp/ccOvpZRA.s:15     .text:0000000000000000 .L0 
     /tmp/ccOvpZRA.s:17     .text:0000000000000000 .L0 
     /tmp/ccOvpZRA.s:18     .text:0000000000000004 .L0 
     /tmp/ccOvpZRA.s:20     .text:0000000000000008 .L0 
     /tmp/ccOvpZRA.s:22     .text:000000000000000c .L0 
     /tmp/ccOvpZRA.s:24     .text:000000000000000c .L0 
     /tmp/ccOvpZRA.s:28     .text:0000000000000018 .L0 
     /tmp/ccOvpZRA.s:29     .text:0000000000000018 .L0 
     /tmp/ccOvpZRA.s:30     .text:0000000000000018 .L0 
     /tmp/ccOvpZRA.s:32     .text:000000000000001c .L0 
     /tmp/ccOvpZRA.s:35     .text:0000000000000020 .L0 
     /tmp/ccOvpZRA.s:37     .text:0000000000000020 .L0 
     /tmp/ccOvpZRA.s:46     .text:000000000000002c .L0 
     /tmp/ccOvpZRA.s:54     .text:000000000000003c .L0 
     /tmp/ccOvpZRA.s:55     .text:0000000000000040 .L0 
     /tmp/ccOvpZRA.s:61     .text:0000000000000040 _ZN9Scheduler3getEv
     /tmp/ccOvpZRA.s:64     .text:0000000000000040 .L0 
     /tmp/ccOvpZRA.s:65     .text:0000000000000040 .L0 
     /tmp/ccOvpZRA.s:66     .text:0000000000000044 .L0 
     /tmp/ccOvpZRA.s:70     .text:0000000000000050 .L0 
     /tmp/ccOvpZRA.s:71     .text:0000000000000050 .L0 
     /tmp/ccOvpZRA.s:72     .text:0000000000000050 .L0 
     /tmp/ccOvpZRA.s:74     .text:0000000000000054 .L0 
     /tmp/ccOvpZRA.s:79     .text:0000000000000054 .L0 
     /tmp/ccOvpZRA.s:80     .text:0000000000000054 .L0 
     /tmp/ccOvpZRA.s:82     .text:000000000000005c .L0 
     /tmp/ccOvpZRA.s:85     .text:0000000000000060 .L0 
     /tmp/ccOvpZRA.s:87     .text:0000000000000064 .L0 
     /tmp/ccOvpZRA.s:89     .text:000000000000006c .L0 
     /tmp/ccOvpZRA.s:92     .text:0000000000000070 .L0 
     /tmp/ccOvpZRA.s:97     .text:0000000000000074 .L0 
     /tmp/ccOvpZRA.s:105    .text:000000000000007c .L0 
     /tmp/ccOvpZRA.s:107    .text:0000000000000084 .L0 
     /tmp/ccOvpZRA.s:108    .text:0000000000000084 .L0 
     /tmp/ccOvpZRA.s:110    .text:0000000000000088 .L0 
     /tmp/ccOvpZRA.s:111    .text:0000000000000088 .L0 
     /tmp/ccOvpZRA.s:113    .text:000000000000008c .L0 
     /tmp/ccOvpZRA.s:115    .text:0000000000000090 .L0 
     /tmp/ccOvpZRA.s:119    .text:0000000000000094 .L0 
     /tmp/ccOvpZRA.s:123    .text:0000000000000094 .L0 
     /tmp/ccOvpZRA.s:128    .text:00000000000000a0 .L0 
     /tmp/ccOvpZRA.s:133    .text:00000000000000a4 .L0 
     /tmp/ccOvpZRA.s:134    .text:00000000000000a8 .L0 
     /tmp/ccOvpZRA.s:140    .text:00000000000000a8 _ZN9Scheduler3putEP3TCB
     /tmp/ccOvpZRA.s:143    .text:00000000000000a8 .L0 
     /tmp/ccOvpZRA.s:145    .text:00000000000000a8 .L0 
     /tmp/ccOvpZRA.s:146    .text:00000000000000ac .L0 
     /tmp/ccOvpZRA.s:150    .text:00000000000000b8 .L0 
     /tmp/ccOvpZRA.s:151    .text:00000000000000b8 .L0 
     /tmp/ccOvpZRA.s:152    .text:00000000000000b8 .L0 
     /tmp/ccOvpZRA.s:154    .text:00000000000000bc .L0 
     /tmp/ccOvpZRA.s:162    .text:00000000000000c0 .L0 
     /tmp/ccOvpZRA.s:163    .text:00000000000000c0 .L0 
     /tmp/ccOvpZRA.s:172    .text:00000000000000cc .L0 
GAS LISTING /tmp/ccOvpZRA.s 			page 9


     /tmp/ccOvpZRA.s:179    .text:00000000000000d8 .L0 
     /tmp/ccOvpZRA.s:181    .text:00000000000000e0 .L0 
     /tmp/ccOvpZRA.s:183    .text:00000000000000e4 .L0 
     /tmp/ccOvpZRA.s:185    .text:00000000000000e8 .L0 
     /tmp/ccOvpZRA.s:191    .text:00000000000000f0 .L0 
     /tmp/ccOvpZRA.s:192    .text:00000000000000f4 .L0 
     /tmp/ccOvpZRA.s:193    .text:00000000000000f4 .L0 
     /tmp/ccOvpZRA.s:195    .text:00000000000000f8 .L0 
     /tmp/ccOvpZRA.s:196    .text:00000000000000f8 .L0 
     /tmp/ccOvpZRA.s:198    .text:00000000000000fc .L0 
     /tmp/ccOvpZRA.s:201    .text:0000000000000100 .L0 
     /tmp/ccOvpZRA.s:205    .text:0000000000000104 .L0 
     /tmp/ccOvpZRA.s:209    .text:0000000000000104 .L0 
     /tmp/ccOvpZRA.s:216    .text:0000000000000114 .L0 
     /tmp/ccOvpZRA.s:217    .text:0000000000000118 .L0 
     /tmp/ccOvpZRA.s:222    .text:0000000000000118 _GLOBAL__sub_I__ZN9Scheduler19readyCoroutineQueueE
     /tmp/ccOvpZRA.s:225    .text:0000000000000118 .L0 
     /tmp/ccOvpZRA.s:226    .text:0000000000000118 .L0 
     /tmp/ccOvpZRA.s:227    .text:000000000000011c .L0 
     /tmp/ccOvpZRA.s:230    .text:0000000000000124 .L0 
     /tmp/ccOvpZRA.s:231    .text:0000000000000124 .L0 
     /tmp/ccOvpZRA.s:233    .text:0000000000000128 .L0 
     /tmp/ccOvpZRA.s:235    .text:0000000000000128 .L0 
     /tmp/ccOvpZRA.s:241    .text:0000000000000140 .L0 
     /tmp/ccOvpZRA.s:243    .text:0000000000000144 .L0 
     /tmp/ccOvpZRA.s:244    .text:0000000000000144 .L0 
     /tmp/ccOvpZRA.s:246    .text:0000000000000148 .L0 
     /tmp/ccOvpZRA.s:248    .text:000000000000014c .L0 
     /tmp/ccOvpZRA.s:260    .bss:0000000000000000 _ZN9Scheduler19readyCoroutineQueueE
     /tmp/ccOvpZRA.s:257    .bss:0000000000000000 .LANCHOR0
     /tmp/ccOvpZRA.s:267    .text:000000000000014c .L0 
     /tmp/ccOvpZRA.s:46     .text:000000000000002c .L0 
     /tmp/ccOvpZRA.s:80     .text:0000000000000054 .L0 
     /tmp/ccOvpZRA.s:87     .text:0000000000000064 .L0 
     /tmp/ccOvpZRA.s:123    .text:0000000000000094 .L0 
     /tmp/ccOvpZRA.s:179    .text:00000000000000d8 .L0 
     /tmp/ccOvpZRA.s:185    .text:00000000000000e8 .L0 
     /tmp/ccOvpZRA.s:209    .text:0000000000000104 .L0 
     /tmp/ccOvpZRA.s:34     .text:0000000000000020 .L4
     /tmp/ccOvpZRA.s:26     .text:0000000000000014 .L1
     /tmp/ccOvpZRA.s:126    .text:00000000000000a0 .L8
     /tmp/ccOvpZRA.s:118    .text:0000000000000094 .L10
     /tmp/ccOvpZRA.s:90     .text:0000000000000070 .L7
     /tmp/ccOvpZRA.s:99     .text:000000000000007c .L5
     /tmp/ccOvpZRA.s:204    .text:0000000000000104 .L12
     /tmp/ccOvpZRA.s:187    .text:00000000000000f0 .L11
     /tmp/ccOvpZRA.s:1158   .debug_abbrev:0000000000000000 .Ldebug_abbrev0
     /tmp/ccOvpZRA.s:2334   .debug_str:00000000000000f5 .LASF70
     /tmp/ccOvpZRA.s:2472   .debug_str:0000000000000658 .LASF71
     /tmp/ccOvpZRA.s:2458   .debug_str:00000000000005cf .LASF72
     /tmp/ccOvpZRA.s:8      .text:0000000000000000 .Ltext0
     /tmp/ccOvpZRA.s:263    .text:000000000000014c .Letext0
     /tmp/ccOvpZRA.s:2312   .debug_line:0000000000000000 .Ldebug_line0
     /tmp/ccOvpZRA.s:2412   .debug_str:0000000000000444 .LASF0
     /tmp/ccOvpZRA.s:2422   .debug_str:0000000000000494 .LASF1
     /tmp/ccOvpZRA.s:2402   .debug_str:0000000000000407 .LASF2
     /tmp/ccOvpZRA.s:2384   .debug_str:000000000000036e .LASF4
GAS LISTING /tmp/ccOvpZRA.s 			page 10


     /tmp/ccOvpZRA.s:2450   .debug_str:000000000000059c .LASF3
     /tmp/ccOvpZRA.s:2336   .debug_str:00000000000001b9 .LASF5
     /tmp/ccOvpZRA.s:2364   .debug_str:00000000000002b1 .LASF6
     /tmp/ccOvpZRA.s:2426   .debug_str:00000000000004b5 .LASF7
     /tmp/ccOvpZRA.s:2410   .debug_str:0000000000000431 .LASF8
     /tmp/ccOvpZRA.s:2468   .debug_str:0000000000000634 .LASF9
     /tmp/ccOvpZRA.s:2376   .debug_str:0000000000000325 .LASF10
     /tmp/ccOvpZRA.s:2432   .debug_str:00000000000004de .LASF11
     /tmp/ccOvpZRA.s:2464   .debug_str:000000000000060c .LASF12
     /tmp/ccOvpZRA.s:2338   .debug_str:00000000000001c0 .LASF13
     /tmp/ccOvpZRA.s:2320   .debug_str:0000000000000060 .LASF14
     /tmp/ccOvpZRA.s:2350   .debug_str:000000000000021c .LASF15
     /tmp/ccOvpZRA.s:2446   .debug_str:0000000000000581 .LASF16
     /tmp/ccOvpZRA.s:2360   .debug_str:0000000000000296 .LASF17
     /tmp/ccOvpZRA.s:2400   .debug_str:00000000000003f7 .LASF33
     /tmp/ccOvpZRA.s:2408   .debug_str:0000000000000424 .LASF30
     /tmp/ccOvpZRA.s:2482   .debug_str:00000000000006be .LASF18
     /tmp/ccOvpZRA.s:2454   .debug_str:00000000000005be .LASF19
     /tmp/ccOvpZRA.s:2326   .debug_str:00000000000000b4 .LASF73
     /tmp/ccOvpZRA.s:2440   .debug_str:0000000000000521 .LASF74
     /tmp/ccOvpZRA.s:2382   .debug_str:000000000000035e .LASF20
     /tmp/ccOvpZRA.s:2358   .debug_str:000000000000026e .LASF22
     /tmp/ccOvpZRA.s:2340   .debug_str:00000000000001d0 .LASF24
     /tmp/ccOvpZRA.s:2444   .debug_str:000000000000055c .LASF26
     /tmp/ccOvpZRA.s:2366   .debug_str:00000000000002b8 .LASF21
     /tmp/ccOvpZRA.s:2356   .debug_str:0000000000000247 .LASF23
     /tmp/ccOvpZRA.s:2456   .debug_str:00000000000005c3 .LASF25
     /tmp/ccOvpZRA.s:2368   .debug_str:00000000000002c7 .LASF27
     /tmp/ccOvpZRA.s:2332   .debug_str:00000000000000e6 .LASF28
     /tmp/ccOvpZRA.s:2424   .debug_str:00000000000004a7 .LASF29
     /tmp/ccOvpZRA.s:2430   .debug_str:00000000000004d2 .LASF75
     /tmp/ccOvpZRA.s:2460   .debug_str:00000000000005f6 .LASF76
     /tmp/ccOvpZRA.s:2316   .debug_str:000000000000000c .LASF77
     /tmp/ccOvpZRA.s:2314   .debug_str:0000000000000000 .LASF31
     /tmp/ccOvpZRA.s:2372   .debug_str:000000000000030a .LASF32
     /tmp/ccOvpZRA.s:2428   .debug_str:00000000000004c8 .LASF34
     /tmp/ccOvpZRA.s:2470   .debug_str:0000000000000644 .LASF35
     /tmp/ccOvpZRA.s:2380   .debug_str:000000000000034a .LASF78
     /tmp/ccOvpZRA.s:2348   .debug_str:0000000000000204 .LASF79
     /tmp/ccOvpZRA.s:2398   .debug_str:00000000000003ed .LASF36
     /tmp/ccOvpZRA.s:2344   .debug_str:00000000000001f5 .LASF37
     /tmp/ccOvpZRA.s:2438   .debug_str:000000000000051c .LASF38
     /tmp/ccOvpZRA.s:2324   .debug_str:00000000000000a3 .LASF39
     /tmp/ccOvpZRA.s:2388   .debug_str:0000000000000380 .LASF40
     /tmp/ccOvpZRA.s:2476   .debug_str:0000000000000688 .LASF41
     /tmp/ccOvpZRA.s:2342   .debug_str:00000000000001dd .LASF42
     /tmp/ccOvpZRA.s:2452   .debug_str:00000000000005ae .LASF80
     /tmp/ccOvpZRA.s:2466   .debug_str:000000000000061b .LASF81
     /tmp/ccOvpZRA.s:2362   .debug_str:00000000000002ac .LASF43
     /tmp/ccOvpZRA.s:2404   .debug_str:0000000000000415 .LASF44
     /tmp/ccOvpZRA.s:2478   .debug_str:0000000000000695 .LASF45
     /tmp/ccOvpZRA.s:2414   .debug_str:0000000000000451 .LASF46
     /tmp/ccOvpZRA.s:2442   .debug_str:0000000000000545 .LASF52
     /tmp/ccOvpZRA.s:2406   .debug_str:000000000000041a .LASF82
     /tmp/ccOvpZRA.s:2378   .debug_str:0000000000000333 .LASF83
     /tmp/ccOvpZRA.s:2330   .debug_str:00000000000000dd .LASF47
     /tmp/ccOvpZRA.s:2474   .debug_str:000000000000066a .LASF48
GAS LISTING /tmp/ccOvpZRA.s 			page 11


     /tmp/ccOvpZRA.s:2374   .debug_str:000000000000031d .LASF49
     /tmp/ccOvpZRA.s:2370   .debug_str:00000000000002ed .LASF50
     /tmp/ccOvpZRA.s:2462   .debug_str:0000000000000600 .LASF51
     /tmp/ccOvpZRA.s:2318   .debug_str:0000000000000042 .LASF53
     /tmp/ccOvpZRA.s:2346   .debug_str:00000000000001fa .LASF54
     /tmp/ccOvpZRA.s:2392   .debug_str:00000000000003ba .LASF55
     /tmp/ccOvpZRA.s:2416   .debug_str:0000000000000464 .LASF56
     /tmp/ccOvpZRA.s:2328   .debug_str:00000000000000c0 .LASF57
     /tmp/ccOvpZRA.s:2394   .debug_str:00000000000003d5 .LASF58
     /tmp/ccOvpZRA.s:2390   .debug_str:00000000000003a0 .LASF59
     /tmp/ccOvpZRA.s:2480   .debug_str:000000000000069a .LASF84
     /tmp/ccOvpZRA.s:2322   .debug_str:0000000000000070 .LASF60
     /tmp/ccOvpZRA.s:223    .text:0000000000000118 .LFB23
     /tmp/ccOvpZRA.s:249    .text:000000000000014c .LFE23
     /tmp/ccOvpZRA.s:239    .text:000000000000013c .LVL19
     /tmp/ccOvpZRA.s:2434   .debug_str:00000000000004ed .LASF61
     /tmp/ccOvpZRA.s:12     .text:0000000000000000 .LFB22
     /tmp/ccOvpZRA.s:56     .text:0000000000000040 .LFE22
     /tmp/ccOvpZRA.s:2396   .debug_str:00000000000003de .LASF62
     /tmp/ccOvpZRA.s:2386   .debug_str:0000000000000375 .LASF63
     /tmp/ccOvpZRA.s:41     .text:000000000000002c .LBB23
     /tmp/ccOvpZRA.s:52     .text:000000000000003c .LBE23
     /tmp/ccOvpZRA.s:2133   .debug_loc:0000000000000000 .LLST0
     /tmp/ccOvpZRA.s:2436   .debug_str:0000000000000517 .LASF65
     /tmp/ccOvpZRA.s:2418   .debug_str:000000000000046f .LASF64
     /tmp/ccOvpZRA.s:2420   .debug_str:0000000000000474 .LASF68
     /tmp/ccOvpZRA.s:2354   .debug_str:000000000000023b .LASF66
     /tmp/ccOvpZRA.s:2448   .debug_str:0000000000000597 .LASF67
     /tmp/ccOvpZRA.s:2352   .debug_str:0000000000000228 .LASF69
     /tmp/ccOvpZRA.s:141    .text:00000000000000a8 .LFB11
     /tmp/ccOvpZRA.s:218    .text:0000000000000118 .LFE11
     /tmp/ccOvpZRA.s:2142   .debug_loc:000000000000002c .LLST5
     /tmp/ccOvpZRA.s:158    .text:00000000000000c0 .LBB32
     /tmp/ccOvpZRA.s:2298   .debug_ranges:0000000000000000 .Ldebug_ranges0
     /tmp/ccOvpZRA.s:2164   .debug_loc:000000000000008b .LLST6
     /tmp/ccOvpZRA.s:2177   .debug_loc:00000000000000c3 .LLST7
     /tmp/ccOvpZRA.s:2192   .debug_loc:000000000000010c .LLST8
     /tmp/ccOvpZRA.s:160    .text:00000000000000c0 .LBB34
     /tmp/ccOvpZRA.s:168    .text:00000000000000cc .LBE34
     /tmp/ccOvpZRA.s:2207   .debug_loc:0000000000000154 .LLST9
     /tmp/ccOvpZRA.s:2215   .debug_loc:0000000000000178 .LLST10
     /tmp/ccOvpZRA.s:166    .text:00000000000000cc .LVL13
     /tmp/ccOvpZRA.s:169    .text:00000000000000cc .LBB36
     /tmp/ccOvpZRA.s:177    .text:00000000000000d8 .LBE36
     /tmp/ccOvpZRA.s:2223   .debug_loc:000000000000019c .LLST11
     /tmp/ccOvpZRA.s:2231   .debug_loc:00000000000001c0 .LLST13
     /tmp/ccOvpZRA.s:2238   .debug_loc:00000000000001e3 .LLST14
     /tmp/ccOvpZRA.s:62     .text:0000000000000040 .LFB10
     /tmp/ccOvpZRA.s:135    .text:00000000000000a8 .LFE10
     /tmp/ccOvpZRA.s:77     .text:0000000000000054 .LBB26
     /tmp/ccOvpZRA.s:2245   .debug_loc:0000000000000206 .LLST1
     /tmp/ccOvpZRA.s:2260   .debug_loc:000000000000024e .LLST2
     /tmp/ccOvpZRA.s:2271   .debug_loc:0000000000000284 .LLST3
     /tmp/ccOvpZRA.s:94     .text:0000000000000074 .LBB28
     /tmp/ccOvpZRA.s:101    .text:000000000000007c .LBE28
     /tmp/ccOvpZRA.s:2278   .debug_loc:00000000000002a7 .LLST4
     /tmp/ccOvpZRA.s:98     .text:000000000000007c .LVL6
GAS LISTING /tmp/ccOvpZRA.s 			page 12


     /tmp/ccOvpZRA.s:40     .text:000000000000002c .LVL1
     /tmp/ccOvpZRA.s:49     .text:000000000000003c .LVL2
     /tmp/ccOvpZRA.s:144    .text:00000000000000a8 .LVL10
     /tmp/ccOvpZRA.s:164    .text:00000000000000c4 .LVL12
     /tmp/ccOvpZRA.s:199    .text:00000000000000fc .LVL16
     /tmp/ccOvpZRA.s:203    .text:0000000000000104 .LVL17
     /tmp/ccOvpZRA.s:157    .text:00000000000000c0 .LVL11
     /tmp/ccOvpZRA.s:186    .text:00000000000000f0 .LVL15
     /tmp/ccOvpZRA.s:212    .text:0000000000000114 .LVL18
     /tmp/ccOvpZRA.s:175    .text:00000000000000d8 .LVL14
     /tmp/ccOvpZRA.s:76     .text:0000000000000054 .LVL3
     /tmp/ccOvpZRA.s:117    .text:0000000000000094 .LVL7
     /tmp/ccOvpZRA.s:129    .text:00000000000000a4 .LVL9
     /tmp/ccOvpZRA.s:83     .text:0000000000000060 .LVL4
     /tmp/ccOvpZRA.s:125    .text:00000000000000a0 .LVL8
     /tmp/ccOvpZRA.s:93     .text:0000000000000074 .LVL5
     /tmp/ccOvpZRA.s:268    .debug_info:0000000000000000 .Ldebug_info0
     /tmp/ccOvpZRA.s:103    .text:000000000000007c .LBE26
     /tmp/ccOvpZRA.s:120    .text:0000000000000094 .LBB31
     /tmp/ccOvpZRA.s:131    .text:00000000000000a4 .LBE31
     /tmp/ccOvpZRA.s:189    .text:00000000000000f0 .LBE32
     /tmp/ccOvpZRA.s:206    .text:0000000000000104 .LBB39
     /tmp/ccOvpZRA.s:214    .text:0000000000000114 .LBE39

UNDEFINED SYMBOLS
_ZN15MemoryAllocator11my_mem_freeEPKv
_ZN15MemoryAllocator12my_mem_allocEm
